<?xml version="1.0" encoding="UTF-8"?>
<!-- Generated by org.testng.reporters.JUnitXMLReporter -->
<testsuite ignored="0" hostname="DESKTOP-KB64JHN" failures="0" tests="3" name="Default test" time="8.417" errors="0" timestamp="2025-06-09T17:12:30 IST">
  <testcase classname="com.toolsqa.qa.testcases.ElementCheckBoxTest" name="PageHeader" time="0.038"/>
  <testcase classname="com.toolsqa.qa.testcases.ElementCheckBoxTest" name="expandButtonValidation" time="0.164"/>
  <testcase classname="com.toolsqa.qa.testcases.ElementCheckBoxTest" name="collapseButtonValidation" time="0.2"/>
</testsuite> <!-- Default test -->
