<?xml version="1.0" encoding="UTF-8"?>
<!-- Generated by org.testng.reporters.JUnitXMLReporter -->
<testsuite ignored="0" hostname="DESKTOP-KB64JHN" failures="0" tests="3" name="Default test" time="6.931" errors="0" timestamp="2025-04-21T13:38:11 IST">
  <testcase classname="com.toolsqa.qa.testcases.ElementsPageTest" name="validatePageImage" time="0.054"/>
  <testcase classname="com.toolsqa.qa.testcases.ElementsPageTest" name="validateTextBoxMenu" time="0.12"/>
  <testcase classname="com.toolsqa.qa.testcases.ElementsPageTest" name="validateCheckBoxMenu" time="0.153"/>
</testsuite> <!-- Default test -->
