<?xml version="1.0" encoding="UTF-8"?>
<testng-results ignored="0" total="3" passed="3" failed="0" skipped="0">
  <reporter-output>
  </reporter-output>
  <suite started-at="2025-04-21T13:38:04 IST" name="Default suite" finished-at="2025-04-21T13:38:11 IST" duration-ms="6931">
    <groups>
    </groups>
    <test started-at="2025-04-21T13:38:04 IST" name="Default test" finished-at="2025-04-21T13:38:11 IST" duration-ms="6931">
      <class name="com.toolsqa.qa.testcases.ElementsPageTest">
        <test-method is-config="true" signature="setup()[pri:0, instance:com.toolsqa.qa.testcases.ElementsPageTest@68c9133c]" started-at="2025-04-21T13:38:04 IST" name="setup" finished-at="2025-04-21T13:38:11 IST" duration-ms="6548" status="PASS">
          <reporter-output>
          </reporter-output>
        </test-method> <!-- setup -->
        <test-method signature="validatePageImage()[pri:2, instance:com.toolsqa.qa.testcases.ElementsPageTest@68c9133c]" started-at="2025-04-21T13:38:11 IST" name="validatePageImage" finished-at="2025-04-21T13:38:11 IST" duration-ms="54" status="PASS">
          <reporter-output>
          </reporter-output>
        </test-method> <!-- validatePageImage -->
        <test-method signature="validateTextBoxMenu()[pri:3, instance:com.toolsqa.qa.testcases.ElementsPageTest@68c9133c]" started-at="2025-04-21T13:38:11 IST" name="validateTextBoxMenu" finished-at="2025-04-21T13:38:11 IST" duration-ms="120" status="PASS">
          <reporter-output>
          </reporter-output>
        </test-method> <!-- validateTextBoxMenu -->
        <test-method signature="validateCheckBoxMenu()[pri:4, instance:com.toolsqa.qa.testcases.ElementsPageTest@68c9133c]" started-at="2025-04-21T13:38:11 IST" name="validateCheckBoxMenu" finished-at="2025-04-21T13:38:11 IST" duration-ms="153" status="PASS">
          <reporter-output>
          </reporter-output>
        </test-method> <!-- validateCheckBoxMenu -->
      </class> <!-- com.toolsqa.qa.testcases.ElementsPageTest -->
    </test> <!-- Default test -->
  </suite> <!-- Default suite -->
</testng-results>
