<?xml version="1.0" encoding="UTF-8"?>
<testng-results ignored="0" total="5" passed="5" failed="0" skipped="0">
  <reporter-output>
  </reporter-output>
  <suite started-at="2025-06-02T17:23:49 IST" name="Default suite" finished-at="2025-06-02T17:24:06 IST" duration-ms="17060">
    <groups>
    </groups>
    <test started-at="2025-06-02T17:23:49 IST" name="Default test" finished-at="2025-06-02T17:24:06 IST" duration-ms="17060">
      <class name="com.toolsqa.qa.testcases.ElementTextBoxTest">
        <test-method is-config="true" signature="setup()[pri:0, instance:com.toolsqa.qa.testcases.ElementTextBoxTest@5b218417]" started-at="2025-06-02T17:23:49 IST" name="setup" finished-at="2025-06-02T17:24:05 IST" duration-ms="15769" status="PASS">
          <reporter-output>
          </reporter-output>
        </test-method> <!-- setup -->
        <test-method signature="validateNameInput()[pri:2, instance:com.toolsqa.qa.testcases.ElementTextBoxTest@5b218417]" started-at="2025-06-02T17:24:05 IST" name="validateNameInput" finished-at="2025-06-02T17:24:05 IST" duration-ms="246" status="PASS">
          <reporter-output>
          </reporter-output>
        </test-method> <!-- validateNameInput -->
        <test-method signature="validateEmail()[pri:3, instance:com.toolsqa.qa.testcases.ElementTextBoxTest@5b218417]" started-at="2025-06-02T17:24:05 IST" name="validateEmail" finished-at="2025-06-02T17:24:05 IST" duration-ms="248" status="PASS">
          <reporter-output>
          </reporter-output>
        </test-method> <!-- validateEmail -->
        <test-method signature="validateCurrentAddress()[pri:4, instance:com.toolsqa.qa.testcases.ElementTextBoxTest@5b218417]" started-at="2025-06-02T17:24:05 IST" name="validateCurrentAddress" finished-at="2025-06-02T17:24:06 IST" duration-ms="177" status="PASS">
          <reporter-output>
          </reporter-output>
        </test-method> <!-- validateCurrentAddress -->
        <test-method signature="validatePermentAddress()[pri:5, instance:com.toolsqa.qa.testcases.ElementTextBoxTest@5b218417]" started-at="2025-06-02T17:24:06 IST" name="validatePermentAddress" finished-at="2025-06-02T17:24:06 IST" duration-ms="173" status="PASS">
          <reporter-output>
          </reporter-output>
        </test-method> <!-- validatePermentAddress -->
        <test-method signature="validateSubmitButton()[pri:6, instance:com.toolsqa.qa.testcases.ElementTextBoxTest@5b218417]" started-at="2025-06-02T17:24:06 IST" name="validateSubmitButton" finished-at="2025-06-02T17:24:06 IST" duration-ms="135" status="PASS">
          <reporter-output>
          </reporter-output>
        </test-method> <!-- validateSubmitButton -->
        <test-method is-config="true" signature="teardown()[pri:0, instance:com.toolsqa.qa.testcases.ElementTextBoxTest@5b218417]" started-at="2025-06-02T17:24:06 IST" name="teardown" finished-at="2025-06-02T17:24:06 IST" duration-ms="261" status="PASS">
          <reporter-output>
          </reporter-output>
        </test-method> <!-- teardown -->
      </class> <!-- com.toolsqa.qa.testcases.ElementTextBoxTest -->
    </test> <!-- Default test -->
  </suite> <!-- Default suite -->
</testng-results>
